<?xml version="1.0" encoding="UTF-8"?>
<!-- Generated by org.testng.reporters.JUnitReportReporter -->
<testsuite hostname="sbv6-Vostro-3268" name="com.qa.tests.GetAPITest" tests="2" failures="0" timestamp="23 Aug 2018 06:19:15 GMT" time="1.800" errors="0">
  <testcase name="getAPITestWithHeaders" time="0.624" classname="com.qa.tests.GetAPITest"/>
  <testcase name="getAPITestWithoutHeaders" time="1.176" classname="com.qa.tests.GetAPITest"/>
</testsuite> <!-- com.qa.tests.GetAPITest -->
