<?xml version="1.0" encoding="UTF-8"?>
<!-- Generated by org.testng.reporters.JUnitReportReporter -->
<testsuite hostname="sbv6-Vostro-3268" name="com.qa.tests.PostAPITest" tests="1" failures="0" timestamp="23 Aug 2018 12:03:36 GMT" time="1.299" errors="0">
  <testcase name="postAPITest" time="1.299" classname="com.qa.tests.PostAPITest"/>
</testsuite> <!-- com.qa.tests.PostAPITest -->
